# JRE version: OpenJDK Runtime Environment (17.0.11) (build 17.0.11+0--11852314)
# Java VM: OpenJDK 64-Bit Server VM (17.0.11+0--11852314, mixed mode, tiered, compressed oops, compressed class ptrs, g1 gc, windows-amd64)
GC Precious Log:
 CPUs: 16 total, 16 available
 Memory: 7549M
 Large Page Support: Disabled
 NUMA Support: Disabled
 Compressed Oops: Enabled (32-bit)
 Heap Region Size: 1M
 Heap Min Capacity: 8M
 Heap Initial Capacity: 118M
 Heap Max Capacity: 2G
 Pre-touch: Disabled
 Parallel Workers: 13
 Concurrent Workers: 3
 Concurrent Refinement Workers: 13
 Periodic GC: Disabled
Heap:
 garbage-first heap   total 349184K, used 335178K [0x0000000080000000, 0x0000000100000000)
  region size 1024K, 3 young (3072K), 3 survivors (3072K)
 Metaspace       used 154152K, committed 155520K, reserved 1245184K
  class space    used 20357K, committed 21056K, reserved 1048576K
GC Heap History (20 events):
Event: 113.402 GC heap after
{Heap after GC invocations=79 (full 0):
 garbage-first heap   total 349184K, used 255469K [0x0000000080000000, 0x0000000100000000)
  region size 1024K, 3 young (3072K), 3 survivors (3072K)
 Metaspace       used 149404K, committed 150784K, reserved 1179648K
  class space    used 19715K, committed 20416K, reserved 1048576K
}
Event: 114.084 GC heap before
{Heap before GC invocations=79 (full 0):
 garbage-first heap   total 349184K, used 302573K [0x0000000080000000, 0x0000000100000000)
  region size 1024K, 49 young (50176K), 3 survivors (3072K)
 Metaspace       used 149570K, committed 150912K, reserved 1245184K
  class space    used 19719K, committed 20416K, reserved 1048576K
}
Event: 114.093 GC heap after
{Heap after GC invocations=80 (full 0):
 garbage-first heap   total 349184K, used 261310K [0x0000000080000000, 0x0000000100000000)
  region size 1024K, 7 young (7168K), 7 survivors (7168K)
 Metaspace       used 149570K, committed 150912K, reserved 1245184K
  class space    used 19719K, committed 20416K, reserved 1048576K
}
Event: 114.910 GC heap before
{Heap before GC invocations=80 (full 0):
 garbage-first heap   total 349184K, used 300222K [0x0000000080000000, 0x0000000100000000)
  region size 1024K, 46 young (47104K), 7 survivors (7168K)
 Metaspace       used 150265K, committed 151552K, reserved 1245184K
  class space    used 19818K, committed 20480K, reserved 1048576K
}
Event: 114.950 GC heap after
{Heap after GC invocations=81 (full 0):
 garbage-first heap   total 349184K, used 266299K [0x0000000080000000, 0x0000000100000000)
  region size 1024K, 6 young (6144K), 6 survivors (6144K)
 Metaspace       used 150265K, committed 151552K, reserved 1245184K
  class space    used 19818K, committed 20480K, reserved 1048576K
}
Event: 115.446 GC heap before
{Heap before GC invocations=81 (full 0):
 garbage-first heap   total 349184K, used 300091K [0x0000000080000000, 0x0000000100000000)
  region size 1024K, 40 young (40960K), 6 survivors (6144K)
 Metaspace       used 150471K, committed 151808K, reserved 1245184K
  class space    used 19834K, committed 20480K, reserved 1048576K
}
Event: 115.456 GC heap after
{Heap after GC invocations=82 (full 0):
 garbage-first heap   total 349184K, used 269931K [0x0000000080000000, 0x0000000100000000)
  region size 1024K, 5 young (5120K), 5 survivors (5120K)
 Metaspace       used 150471K, committed 151808K, reserved 1245184K
  class space    used 19834K, committed 20480K, reserved 1048576K
}
Event: 115.771 GC heap before
{Heap before GC invocations=82 (full 0):
 garbage-first heap   total 349184K, used 309867K [0x0000000080000000, 0x0000000100000000)
  region size 1024K, 35 young (35840K), 5 survivors (5120K)
 Metaspace       used 150766K, committed 152128K, reserved 1245184K
  class space    used 19870K, committed 20544K, reserved 1048576K
}
Event: 115.777 GC heap after
{Heap after GC invocations=83 (full 0):
 garbage-first heap   total 349184K, used 281487K [0x0000000080000000, 0x0000000100000000)
  region size 1024K, 4 young (4096K), 4 survivors (4096K)
 Metaspace       used 150766K, committed 152128K, reserved 1245184K
  class space    used 19870K, committed 20544K, reserved 1048576K
}
Event: 116.508 GC heap before
{Heap before GC invocations=83 (full 0):
 garbage-first heap   total 349184K, used 318351K [0x0000000080000000, 0x0000000100000000)
  region size 1024K, 26 young (26624K), 4 survivors (4096K)
 Metaspace       used 152612K, committed 153984K, reserved 1245184K
  class space    used 20135K, committed 20800K, reserved 1048576K
}
Event: 116.514 GC heap after
{Heap after GC invocations=84 (full 0):
 garbage-first heap   total 349184K, used 301492K [0x0000000080000000, 0x0000000100000000)
  region size 1024K, 4 young (4096K), 4 survivors (4096K)
 Metaspace       used 152612K, committed 153984K, reserved 1245184K
  class space    used 20135K, committed 20800K, reserved 1048576K
}
Event: 116.705 GC heap before
{Heap before GC invocations=84 (full 0):
 garbage-first heap   total 349184K, used 313780K [0x0000000080000000, 0x0000000100000000)
  region size 1024K, 17 young (17408K), 4 survivors (4096K)
 Metaspace       used 153327K, committed 154688K, reserved 1245184K
  class space    used 20241K, committed 20928K, reserved 1048576K
}
Event: 116.770 GC heap after
{Heap after GC invocations=85 (full 0):
 garbage-first heap   total 349184K, used 302431K [0x0000000080000000, 0x0000000100000000)
  region size 1024K, 1 young (1024K), 1 survivors (1024K)
 Metaspace       used 153327K, committed 154688K, reserved 1245184K
  class space    used 20241K, committed 20928K, reserved 1048576K
}
Event: 116.913 GC heap before
{Heap before GC invocations=85 (full 0):
 garbage-first heap   total 349184K, used 342367K [0x0000000080000000, 0x0000000100000000)
  region size 1024K, 16 young (16384K), 1 survivors (1024K)
 Metaspace       used 154102K, committed 155456K, reserved 1245184K
  class space    used 20355K, committed 21056K, reserved 1048576K
}
Event: 116.916 GC heap after
{Heap after GC invocations=86 (full 0):
 garbage-first heap   total 349184K, used 315710K [0x0000000080000000, 0x0000000100000000)
  region size 1024K, 3 young (3072K), 3 survivors (3072K)
 Metaspace       used 154102K, committed 155456K, reserved 1245184K
  class space    used 20355K, committed 21056K, reserved 1048576K
}
Event: 116.929 GC heap before
{Heap before GC invocations=86 (full 0):
 garbage-first heap   total 349184K, used 341310K [0x0000000080000000, 0x0000000100000000)
  region size 1024K, 9 young (9216K), 3 survivors (3072K)
 Metaspace       used 154108K, committed 155456K, reserved 1245184K
  class space    used 20355K, committed 21056K, reserved 1048576K
}
Event: 116.932 GC heap after
{Heap after GC invocations=87 (full 0):
 garbage-first heap   total 349184K, used 325256K [0x0000000080000000, 0x0000000100000000)
  region size 1024K, 3 young (3072K), 3 survivors (3072K)
 Metaspace       used 154108K, committed 155456K, reserved 1245184K
  class space    used 20355K, committed 21056K, reserved 1048576K
}
Event: 116.938 GC heap before
{Heap before GC invocations=87 (full 0):
 garbage-first heap   total 349184K, used 341640K [0x0000000080000000, 0x0000000100000000)
  region size 1024K, 5 young (5120K), 3 survivors (3072K)
 Metaspace       used 154109K, committed 155456K, reserved 1245184K
  class space    used 20355K, committed 21056K, reserved 1048576K
}
Event: 116.940 GC heap after
{Heap after GC invocations=88 (full 0):
 garbage-first heap   total 349184K, used 336272K [0x0000000080000000, 0x0000000100000000)
  region size 1024K, 1 young (1024K), 1 survivors (1024K)
 Metaspace       used 154109K, committed 155456K, reserved 1245184K
  class space    used 20355K, committed 21056K, reserved 1048576K
}
Event: 116.984 GC heap before
{Heap before GC invocations=88 (full 0):
 garbage-first heap   total 349184K, used 344464K [0x0000000080000000, 0x0000000100000000)
  region size 1024K, 7 young (7168K), 1 survivors (1024K)
 Metaspace       used 154152K, committed 155520K, reserved 1245184K
  class space    used 20357K, committed 21056K, reserved 1048576K
}

